Using pre-set license
Built from '2020.3/staging' branch; Version is '2020.3.9f1 (108be757e447) revision 1084391'; Using compiler version '192528614'; Build Type 'Release'
OS: 'Windows 10 Pro; OS build 19042.1052; Version 2009; 64bit' Language: 'es' Physical Memory: 15779 MB
BatchMode: 1, IsHumanControllingUs: 0, StartBugReporterOnCrash: 0, Is64bit: 1, IsPro: 0

 COMMAND LINE ARGUMENTS:
C:\Program Files\Unity\Hub\Editor\2020.3.9f1\Editor\Unity.exe
-adb2
-batchMode
-noUpm
-name
AssetImportWorker0
-projectPath
C:/Users/pc/Desktop/Trabajos/Unity/Producci贸n 2D/Ghost Puncher/Ghost puncher
-logFile
Logs/AssetImportWorker0.log
-srvPort
56259
Successfully changed project path to: C:/Users/pc/Desktop/Trabajos/Unity/Producci贸n 2D/Ghost Puncher/Ghost puncher
C:/Users/pc/Desktop/Trabajos/Unity/Producci贸n 2D/Ghost Puncher/Ghost puncher
Using Asset Import Pipeline V2.
Refreshing native plugins compatible for Editor in 105.27 ms, found 1 plugins.
Preloading 0 native plugins for Editor in 0.00 ms.
Initialize engine version: 2020.3.9f1 (108be757e447)
[Subsystems] Discovering subsystems at path C:/Program Files/Unity/Hub/Editor/2020.3.9f1/Editor/Data/Resources/UnitySubsystems
[Subsystems] Discovering subsystems at path C:/Users/pc/Desktop/Trabajos/Unity/Producci贸n 2D/Ghost Puncher/Ghost puncher/Assets
GfxDevice: creating device client; threaded=0
Direct3D:
    Version:  Direct3D 11.0 [level 11.1]
    Renderer: AMD Radeon(TM) Graphics (ID=0x1636)
    Vendor:   
    VRAM:     7889 MB
    Driver:   27.20.14501.28009
Initialize mono
Mono path[0] = 'C:/Program Files/Unity/Hub/Editor/2020.3.9f1/Editor/Data/Managed'
Mono path[1] = 'C:/Program Files/Unity/Hub/Editor/2020.3.9f1/Editor/Data/MonoBleedingEdge/lib/mono/unityjit'
Mono config path = 'C:/Program Files/Unity/Hub/Editor/2020.3.9f1/Editor/Data/MonoBleedingEdge/etc'
Using monoOptions --debugger-agent=transport=dt_socket,embedding=1,server=y,suspend=n,address=127.0.0.1:56352
Begin MonoManager ReloadAssembly
Registering precompiled unity dll's ...
Register platform support module: C:/Program Files/Unity/Hub/Editor/2020.3.9f1/Editor/Data/PlaybackEngines/WindowsStandaloneSupport/UnityEditor.WindowsStandalone.Extensions.dll
Registered in 0.116054 seconds.
Native extension for WindowsStandalone target not found
Refreshing native plugins compatible for Editor in 33.99 ms, found 1 plugins.
Preloading 0 native plugins for Editor in 0.00 ms.
Mono: successfully reloaded assembly
- Completed reload, in  6.112 seconds
Platform modules already initialized, skipping
Registering precompiled user dll's ...
Registered in 0.055001 seconds.
Begin MonoManager ReloadAssembly
Native extension for WindowsStandalone target not found
Refreshing native plugins compatible for Editor in 33.26 ms, found 1 plugins.
Preloading 0 native plugins for Editor in 0.00 ms.
Mono: successfully reloaded assembly
- Completed reload, in  2.962 seconds
Platform modules already initialized, skipping
========================================================================
Worker process is ready to serve import requests
Launched and connected shader compiler UnityShaderCompiler.exe after 0.08 seconds
Refreshing native plugins compatible for Editor in 0.40 ms, found 1 plugins.
Preloading 0 native plugins for Editor in 0.00 ms.
Unloading 1808 Unused Serialized files (Serialized files now loaded: 0)
System memory in use before: 85.5 MB.
System memory in use after: 85.4 MB.

Unloading 24 unused Assets to reduce memory usage. Loaded Objects now: 2250.
Total: 2.551400 ms (FindLiveObjects: 0.260100 ms CreateObjectMapping: 0.050800 ms MarkObjects: 2.068500 ms  DeleteObjects: 0.170300 ms)

========================================================================
Received Import Request.
  path: Assets/Scenes/SampleScene.unity
  artifactKey: Guid(2cda990e2423bbf4892e6590ba056729) Importer(815301076,1909f56bfc062723c751e8b465ee728b)
Start importing Assets/Scenes/SampleScene.unity using Guid(2cda990e2423bbf4892e6590ba056729) Importer(815301076,1909f56bfc062723c751e8b465ee728b)  -> (artifact id: 'aa27944bdea339c97c39027c7eea529c') in 0.018674 seconds
  Import took 0.023438 seconds .

========================================================================
Received Import Request.
  Time since last request: 534.296975 seconds.
  path: Assets/Scenes
  artifactKey: Guid(ae8cb96309cf45e449bca74201aab434) Importer(815301076,1909f56bfc062723c751e8b465ee728b)
Start importing Assets/Scenes using Guid(ae8cb96309cf45e449bca74201aab434) Importer(815301076,1909f56bfc062723c751e8b465ee728b)  -> (artifact id: 'c51b0883c1070c891a297376884405b9') in 0.009419 seconds
  Import took 0.022403 seconds .

========================================================================
Received Import Request.
  Time since last request: 5.873273 seconds.
  path: Assets/Scenes/Scripts
  artifactKey: Guid(1ad3fd0cadc768c4a9413c6331f6eaba) Importer(815301076,1909f56bfc062723c751e8b465ee728b)
Start importing Assets/Scenes/Scripts using Guid(1ad3fd0cadc768c4a9413c6331f6eaba) Importer(815301076,1909f56bfc062723c751e8b465ee728b)  -> (artifact id: 'd3237c0317e038f8b69bb83978d18bca') in 0.008926 seconds
  Import took 0.012769 seconds .

========================================================================
Received Import Request.
  Time since last request: 5.577301 seconds.
  path: Assets/Scenes/Prefabs
  artifactKey: Guid(e372d88b4e58edc4c8a7e53f45ed1435) Importer(815301076,1909f56bfc062723c751e8b465ee728b)
Start importing Assets/Scenes/Prefabs using Guid(e372d88b4e58edc4c8a7e53f45ed1435) Importer(815301076,1909f56bfc062723c751e8b465ee728b)  -> (artifact id: 'f5363e0a86985deae6b4df519b549569') in 0.008874 seconds
  Import took 0.012509 seconds .

========================================================================
Received Import Request.
  Time since last request: 0.000554 seconds.
  path: Assets/Scenes/Prefabs
  artifactKey: Guid(e372d88b4e58edc4c8a7e53f45ed1435) Importer(815301076,1909f56bfc062723c751e8b465ee728b)
Start importing Assets/Scenes/Prefabs using Guid(e372d88b4e58edc4c8a7e53f45ed1435) Importer(815301076,1909f56bfc062723c751e8b465ee728b)  -> (artifact id: 'f5363e0a86985deae6b4df519b549569') in 0.003130 seconds
  Import took 0.006655 seconds .

========================================================================
Received Import Request.
  Time since last request: 15.623243 seconds.
  path: Assets/Scenes/Scripts/Player.cs
  artifactKey: Guid(dd3d4c1f3d565cb4ab194d12ddabbfab) Importer(815301076,1909f56bfc062723c751e8b465ee728b)
Start importing Assets/Scenes/Scripts/Player.cs using Guid(dd3d4c1f3d565cb4ab194d12ddabbfab) Importer(815301076,1909f56bfc062723c751e8b465ee728b)  -> (artifact id: '88b2041b809f29610e7fc1791cf9f3ee') in 0.031189 seconds
  Import took 0.034753 seconds .

========================================================================
Received Import Request.
  Time since last request: 0.071985 seconds.
  path: Assets/Scenes/Scripts/Player.cs
  artifactKey: Guid(dd3d4c1f3d565cb4ab194d12ddabbfab) Importer(815301076,1909f56bfc062723c751e8b465ee728b)
Start importing Assets/Scenes/Scripts/Player.cs using Guid(dd3d4c1f3d565cb4ab194d12ddabbfab) Importer(815301076,1909f56bfc062723c751e8b465ee728b)  -> (artifact id: '88b2041b809f29610e7fc1791cf9f3ee') in 0.003382 seconds
  Import took 0.007027 seconds .

========================================================================
Received Prepare
Registering precompiled user dll's ...
Registered in 0.001035 seconds.
Begin MonoManager ReloadAssembly
Native extension for WindowsStandalone target not found
Refreshing native plugins compatible for Editor in 0.46 ms, found 1 plugins.
Preloading 0 native plugins for Editor in 0.00 ms.
Mono: successfully reloaded assembly
- Completed reload, in  0.739 seconds
Platform modules already initialized, skipping
Refreshing native plugins compatible for Editor in 0.41 ms, found 1 plugins.
Preloading 0 native plugins for Editor in 0.00 ms.
Unloading 1804 Unused Serialized files (Serialized files now loaded: 0)
System memory in use before: 85.5 MB.
System memory in use after: 85.4 MB.

Unloading 12 unused Assets to reduce memory usage. Loaded Objects now: 2255.
Total: 2.158200 ms (FindLiveObjects: 0.232300 ms CreateObjectMapping: 0.038100 ms MarkObjects: 1.755200 ms  DeleteObjects: 0.131200 ms)

========================================================================
Received Import Request.
  Time since last request: 12.964519 seconds.
  path: Assets/Scenes/Scripts/New Folder
  artifactKey: Guid(15ac069077fdf674f8040ca2509c3568) Importer(815301076,1909f56bfc062723c751e8b465ee728b)
Start importing Assets/Scenes/Scripts/New Folder using Guid(15ac069077fdf674f8040ca2509c3568) Importer(815301076,1909f56bfc062723c751e8b465ee728b)  -> (artifact id: '15bdea962e021a0f06dc0b137e3bb850') in 0.010888 seconds
  Import took 0.023404 seconds .

========================================================================
Received Import Request.
  Time since last request: 13.770846 seconds.
  path: Assets/Scenes/Scripts/EnemyOne.cs
  artifactKey: Guid(808cee33794342f45929373dd2cbbf50) Importer(815301076,1909f56bfc062723c751e8b465ee728b)
Start importing Assets/Scenes/Scripts/EnemyOne.cs using Guid(808cee33794342f45929373dd2cbbf50) Importer(815301076,1909f56bfc062723c751e8b465ee728b)  -> (artifact id: '556afd34c5495fa717b7e8b3bb2b591e') in 0.008641 seconds
  Import took 0.011771 seconds .

========================================================================
Received Import Request.
  Time since last request: 0.077461 seconds.
  path: Assets/Scenes/Scripts/EnemyOne.cs
  artifactKey: Guid(808cee33794342f45929373dd2cbbf50) Importer(815301076,1909f56bfc062723c751e8b465ee728b)
Start importing Assets/Scenes/Scripts/EnemyOne.cs using Guid(808cee33794342f45929373dd2cbbf50) Importer(815301076,1909f56bfc062723c751e8b465ee728b)  -> (artifact id: '556afd34c5495fa717b7e8b3bb2b591e') in 0.003394 seconds
  Import took 0.006359 seconds .

========================================================================
Received Prepare
Registering precompiled user dll's ...
Registered in 0.001008 seconds.
Begin MonoManager ReloadAssembly
Native extension for WindowsStandalone target not found
Refreshing native plugins compatible for Editor in 0.44 ms, found 1 plugins.
Preloading 0 native plugins for Editor in 0.00 ms.
Mono: successfully reloaded assembly
- Completed reload, in  0.739 seconds
Platform modules already initialized, skipping
Refreshing native plugins compatible for Editor in 0.41 ms, found 1 plugins.
Preloading 0 native plugins for Editor in 0.00 ms.
Unloading 1805 Unused Serialized files (Serialized files now loaded: 0)
System memory in use before: 85.5 MB.
System memory in use after: 85.5 MB.

Unloading 12 unused Assets to reduce memory usage. Loaded Objects now: 2260.
Total: 2.463000 ms (FindLiveObjects: 0.273000 ms CreateObjectMapping: 0.052400 ms MarkObjects: 2.012900 ms  DeleteObjects: 0.123300 ms)

========================================================================
Received Prepare
Registering precompiled user dll's ...
Registered in 0.001226 seconds.
Begin MonoManager ReloadAssembly
Native extension for WindowsStandalone target not found
Refreshing native plugins compatible for Editor in 0.55 ms, found 1 plugins.
Preloading 0 native plugins for Editor in 0.00 ms.
Mono: successfully reloaded assembly
- Completed reload, in  0.821 seconds
Platform modules already initialized, skipping
Refreshing native plugins compatible for Editor in 0.45 ms, found 1 plugins.
Preloading 0 native plugins for Editor in 0.00 ms.
Unloading 1804 Unused Serialized files (Serialized files now loaded: 0)
System memory in use before: 85.5 MB.
System memory in use after: 85.5 MB.

Unloading 13 unused Assets to reduce memory usage. Loaded Objects now: 2263.
Total: 2.306700 ms (FindLiveObjects: 0.282800 ms CreateObjectMapping: 0.044500 ms MarkObjects: 1.813900 ms  DeleteObjects: 0.163900 ms)

========================================================================
Received Import Request.
  Time since last request: 5071.015327 seconds.
  path: Assets/Scenes/Scripts/PlayerMovement.cs
  artifactKey: Guid(2c8429d82b9f71d489c081b9ec7c072c) Importer(815301076,1909f56bfc062723c751e8b465ee728b)
Start importing Assets/Scenes/Scripts/PlayerMovement.cs using Guid(2c8429d82b9f71d489c081b9ec7c072c) Importer(815301076,1909f56bfc062723c751e8b465ee728b)  -> (artifact id: '3afe0c87c288c9aa94e3ffd4055f670b') in 0.013369 seconds
  Import took 0.016741 seconds .

========================================================================
Received Import Request.
  Time since last request: 0.074901 seconds.
  path: Assets/Scenes/Scripts/PlayerMovement.cs
  artifactKey: Guid(2c8429d82b9f71d489c081b9ec7c072c) Importer(815301076,1909f56bfc062723c751e8b465ee728b)
Start importing Assets/Scenes/Scripts/PlayerMovement.cs using Guid(2c8429d82b9f71d489c081b9ec7c072c) Importer(815301076,1909f56bfc062723c751e8b465ee728b)  -> (artifact id: '3afe0c87c288c9aa94e3ffd4055f670b') in 0.003115 seconds
  Import took 0.006499 seconds .

========================================================================
Received Prepare
Registering precompiled user dll's ...
Registered in 0.001027 seconds.
Begin MonoManager ReloadAssembly
Native extension for WindowsStandalone target not found
Refreshing native plugins compatible for Editor in 0.64 ms, found 1 plugins.
Preloading 0 native plugins for Editor in 0.00 ms.
Mono: successfully reloaded assembly
- Completed reload, in  0.744 seconds
Platform modules already initialized, skipping
Refreshing native plugins compatible for Editor in 0.41 ms, found 1 plugins.
Preloading 0 native plugins for Editor in 0.00 ms.
Unloading 1805 Unused Serialized files (Serialized files now loaded: 0)
System memory in use before: 85.6 MB.
System memory in use after: 85.5 MB.

Unloading 12 unused Assets to reduce memory usage. Loaded Objects now: 2268.
Total: 2.844300 ms (FindLiveObjects: 0.236600 ms CreateObjectMapping: 0.052400 ms MarkObjects: 2.422200 ms  DeleteObjects: 0.131100 ms)

========================================================================
Received Prepare
Registering precompiled user dll's ...
Registered in 0.001018 seconds.
Begin MonoManager ReloadAssembly
Native extension for WindowsStandalone target not found
Refreshing native plugins compatible for Editor in 0.45 ms, found 1 plugins.
Preloading 0 native plugins for Editor in 0.00 ms.
Mono: successfully reloaded assembly
- Completed reload, in  0.762 seconds
Platform modules already initialized, skipping
Refreshing native plugins compatible for Editor in 0.40 ms, found 1 plugins.
Preloading 0 native plugins for Editor in 0.00 ms.
Unloading 1805 Unused Serialized files (Serialized files now loaded: 0)
System memory in use before: 85.5 MB.
System memory in use after: 85.5 MB.

Unloading 12 unused Assets to reduce memory usage. Loaded Objects now: 2272.
Total: 2.706700 ms (FindLiveObjects: 0.246700 ms CreateObjectMapping: 0.052300 ms MarkObjects: 2.273400 ms  DeleteObjects: 0.132700 ms)

========================================================================
Received Prepare
Registering precompiled user dll's ...
Registered in 0.001024 seconds.
Begin MonoManager ReloadAssembly
Native extension for WindowsStandalone target not found
Refreshing native plugins compatible for Editor in 0.50 ms, found 1 plugins.
Preloading 0 native plugins for Editor in 0.00 ms.
Mono: successfully reloaded assembly
- Completed reload, in  0.742 seconds
Platform modules already initialized, skipping
Refreshing native plugins compatible for Editor in 0.45 ms, found 1 plugins.
Preloading 0 native plugins for Editor in 0.00 ms.
Unloading 1805 Unused Serialized files (Serialized files now loaded: 0)
System memory in use before: 85.6 MB.
System memory in use after: 85.5 MB.

Unloading 12 unused Assets to reduce memory usage. Loaded Objects now: 2276.
Total: 3.092000 ms (FindLiveObjects: 0.274600 ms CreateObjectMapping: 0.044300 ms MarkObjects: 2.629200 ms  DeleteObjects: 0.142000 ms)

========================================================================
Received Import Request.
  Time since last request: 601.884918 seconds.
  path: Assets/Scenes/Scripts/PlayerMovement.cs
  artifactKey: Guid(2c8429d82b9f71d489c081b9ec7c072c) Importer(815301076,1909f56bfc062723c751e8b465ee728b)
Start importing Assets/Scenes/Scripts/PlayerMovement.cs using Guid(2c8429d82b9f71d489c081b9ec7c072c) Importer(815301076,1909f56bfc062723c751e8b465ee728b)  -> (artifact id: '3c191f87c2f26f6acbcd9d5beb3e202b') in 0.006889 seconds
  Import took 0.020594 seconds .

========================================================================
Received Prepare
Registering precompiled user dll's ...
Registered in 0.001241 seconds.
Begin MonoManager ReloadAssembly
Native extension for WindowsStandalone target not found
Refreshing native plugins compatible for Editor in 0.49 ms, found 1 plugins.
Preloading 0 native plugins for Editor in 0.00 ms.
Mono: successfully reloaded assembly
- Completed reload, in  0.733 seconds
Platform modules already initialized, skipping
Refreshing native plugins compatible for Editor in 0.45 ms, found 1 plugins.
Preloading 0 native plugins for Editor in 0.00 ms.
Unloading 1805 Unused Serialized files (Serialized files now loaded: 0)
System memory in use before: 85.6 MB.
System memory in use after: 85.5 MB.

Unloading 12 unused Assets to reduce memory usage. Loaded Objects now: 2280.
Total: 2.294400 ms (FindLiveObjects: 0.246200 ms CreateObjectMapping: 0.049900 ms MarkObjects: 1.868000 ms  DeleteObjects: 0.129000 ms)

========================================================================
Received Prepare
Registering precompiled user dll's ...
Registered in 0.001037 seconds.
Begin MonoManager ReloadAssembly
Native extension for WindowsStandalone target not found
Refreshing native plugins compatible for Editor in 0.46 ms, found 1 plugins.
Preloading 0 native plugins for Editor in 0.00 ms.
Mono: successfully reloaded assembly
- Completed reload, in  0.739 seconds
Platform modules already initialized, skipping
Refreshing native plugins compatible for Editor in 0.42 ms, found 1 plugins.
Preloading 0 native plugins for Editor in 0.00 ms.
Unloading 1805 Unused Serialized files (Serialized files now loaded: 0)
System memory in use before: 85.6 MB.
System memory in use after: 85.6 MB.

Unloading 12 unused Assets to reduce memory usage. Loaded Objects now: 2284.
Total: 2.106700 ms (FindLiveObjects: 0.250100 ms CreateObjectMapping: 0.052700 ms MarkObjects: 1.676000 ms  DeleteObjects: 0.126400 ms)

========================================================================
Received Prepare
Registering precompiled user dll's ...
Registered in 0.000988 seconds.
Begin MonoManager ReloadAssembly
Native extension for WindowsStandalone target not found
Refreshing native plugins compatible for Editor in 0.48 ms, found 1 plugins.
Preloading 0 native plugins for Editor in 0.00 ms.
Mono: successfully reloaded assembly
- Completed reload, in  0.731 seconds
Platform modules already initialized, skipping
Refreshing native plugins compatible for Editor in 0.42 ms, found 1 plugins.
Preloading 0 native plugins for Editor in 0.00 ms.
Unloading 1805 Unused Serialized files (Serialized files now loaded: 0)
System memory in use before: 85.6 MB.
System memory in use after: 85.6 MB.

Unloading 12 unused Assets to reduce memory usage. Loaded Objects now: 2288.
Total: 2.578200 ms (FindLiveObjects: 0.279000 ms CreateObjectMapping: 0.037200 ms MarkObjects: 2.134200 ms  DeleteObjects: 0.126300 ms)

========================================================================
Received Import Request.
  Time since last request: 1216.055933 seconds.
  path: Assets/Scenes/Scripts/PlayerHealth.cs
  artifactKey: Guid(4482f8b508b15684abcd6ed6fae18b98) Importer(815301076,1909f56bfc062723c751e8b465ee728b)
Start importing Assets/Scenes/Scripts/PlayerHealth.cs using Guid(4482f8b508b15684abcd6ed6fae18b98) Importer(815301076,1909f56bfc062723c751e8b465ee728b)  -> (artifact id: 'f4230af873cc0b17d2a269b0067bdc88') in 0.012872 seconds
  Import took 0.016487 seconds .

========================================================================
Received Prepare
Registering precompiled user dll's ...
Registered in 0.000965 seconds.
Begin MonoManager ReloadAssembly
Native extension for WindowsStandalone target not found
Refreshing native plugins compatible for Editor in 0.52 ms, found 1 plugins.
Preloading 0 native plugins for Editor in 0.00 ms.
Mono: successfully reloaded assembly
- Completed reload, in  0.734 seconds
Platform modules already initialized, skipping
Refreshing native plugins compatible for Editor in 0.41 ms, found 1 plugins.
Preloading 0 native plugins for Editor in 0.00 ms.
Unloading 1806 Unused Serialized files (Serialized files now loaded: 0)
System memory in use before: 85.6 MB.
System memory in use after: 85.6 MB.

Unloading 12 unused Assets to reduce memory usage. Loaded Objects now: 2293.
Total: 2.302400 ms (FindLiveObjects: 0.245700 ms CreateObjectMapping: 0.050700 ms MarkObjects: 1.881600 ms  DeleteObjects: 0.123100 ms)

AssetImportWorkerClient::OnTransportError - code=2 error=End of file
